Using pre-set license
Built from '2022.2/staging' branch; Version is '2022.2.9f1 (1cc571a6ec95) revision 1885553'; Using compiler version '192829333'; Build Type 'Release'
OS: 'Windows 10  (10.0.19044) 64bit Core' Language: 'en' Physical Memory: 16085 MB
BatchMode: 1, IsHumanControllingUs: 0, StartBugReporterOnCrash: 0, Is64bit: 1, IsPro: 1

COMMAND LINE ARGUMENTS:
C:\Program Files\Unity 2022.2.9f1\Editor\Unity.exe
-adb2
-batchMode
-noUpm
-name
AssetImportWorker4
-projectPath
C:/Users/Rosta/Documents/GitHub/Jelly-Jam-2023
-logFile
Logs/AssetImportWorker4.log
-srvPort
62617
Successfully changed project path to: C:/Users/Rosta/Documents/GitHub/Jelly-Jam-2023
C:/Users/Rosta/Documents/GitHub/Jelly-Jam-2023
[UnityMemory] Configuration Parameters - Can be set up in boot.config
    "memorysetup-bucket-allocator-granularity=16"
    "memorysetup-bucket-allocator-bucket-count=8"
    "memorysetup-bucket-allocator-block-size=33554432"
    "memorysetup-bucket-allocator-block-count=8"
    "memorysetup-main-allocator-block-size=16777216"
    "memorysetup-thread-allocator-block-size=16777216"
    "memorysetup-gfx-main-allocator-block-size=16777216"
    "memorysetup-gfx-thread-allocator-block-size=16777216"
    "memorysetup-cache-allocator-block-size=4194304"
    "memorysetup-typetree-allocator-block-size=2097152"
    "memorysetup-profiler-bucket-allocator-granularity=16"
    "memorysetup-profiler-bucket-allocator-bucket-count=8"
    "memorysetup-profiler-bucket-allocator-block-size=33554432"
    "memorysetup-profiler-bucket-allocator-block-count=8"
    "memorysetup-profiler-allocator-block-size=16777216"
    "memorysetup-profiler-editor-allocator-block-size=1048576"
    "memorysetup-temp-allocator-size-main=16777216"
    "memorysetup-job-temp-allocator-block-size=2097152"
    "memorysetup-job-temp-allocator-block-size-background=1048576"
    "memorysetup-job-temp-allocator-reduction-small-platforms=262144"
    "memorysetup-temp-allocator-size-background-worker=32768"
    "memorysetup-temp-allocator-size-job-worker=262144"
    "memorysetup-temp-allocator-size-preload-manager=33554432"
    "memorysetup-temp-allocator-size-nav-mesh-worker=65536"
    "memorysetup-temp-allocator-size-audio-worker=65536"
    "memorysetup-temp-allocator-size-cloud-worker=32768"
    "memorysetup-temp-allocator-size-gi-baking-worker=262144"
    "memorysetup-temp-allocator-size-gfx=262144"
Player connection [24044] Host "[IP] 192.168.0.119 [Port] 0 [Flags] 2 [Guid] 2491618022 [EditorId] 2491618022 [Version] 1048832 [Id] WindowsEditor(7,MSI) [Debug] 1 [PackageName] WindowsEditor [ProjectName] Editor" joined multi-casting on [225.0.0.222:54997]...

Player connection [24044] Host "[IP] 192.168.0.119 [Port] 0 [Flags] 2 [Guid] 2491618022 [EditorId] 2491618022 [Version] 1048832 [Id] WindowsEditor(7,MSI) [Debug] 1 [PackageName] WindowsEditor [ProjectName] Editor" joined alternative multi-casting on [225.0.0.222:34997]...

Refreshing native plugins compatible for Editor in 5.78 ms, found 3 plugins.
Preloading 0 native plugins for Editor in 0.00 ms.
Initialize engine version: 2022.2.9f1 (1cc571a6ec95)
[Subsystems] Discovering subsystems at path C:/Program Files/Unity 2022.2.9f1/Editor/Data/Resources/UnitySubsystems
[Subsystems] Discovering subsystems at path C:/Users/Rosta/Documents/GitHub/Jelly-Jam-2023/Assets
GfxDevice: creating device client; threaded=0; jobified=0
Direct3D:
    Version:  Direct3D 11.0 [level 11.1]
    Renderer: NVIDIA GeForce RTX 3050 Ti Laptop GPU (ID=0x25a0)
    Vendor:   NVIDIA
    VRAM:     3990 MB
    Driver:   31.0.15.2230
Initialize mono
Mono path[0] = 'C:/Program Files/Unity 2022.2.9f1/Editor/Data/Managed'
Mono path[1] = 'C:/Program Files/Unity 2022.2.9f1/Editor/Data/MonoBleedingEdge/lib/mono/unityjit-win32'
Mono config path = 'C:/Program Files/Unity 2022.2.9f1/Editor/Data/MonoBleedingEdge/etc'
Using monoOptions --debugger-agent=transport=dt_socket,embedding=1,server=y,suspend=n,address=127.0.0.1:56860
Begin MonoManager ReloadAssembly
Registering precompiled unity dll's ...
Register platform support module: C:/Program Files/Unity 2022.2.9f1/Editor/Data/PlaybackEngines/WindowsStandaloneSupport/UnityEditor.WindowsStandalone.Extensions.dll
Registered in 0.004371 seconds.
- Loaded All Assemblies, in  0.242 seconds
Native extension for WindowsStandalone target not found
Mono: successfully reloaded assembly
- Finished resetting the current domain, in  0.195 seconds
Domain Reload Profiling:
	ReloadAssembly (141ms)
		BeginReloadAssembly (65ms)
			ExecutionOrderSort (0ms)
			DisableScriptedObjects (0ms)
			BackupInstance (0ms)
			ReleaseScriptingObjects (0ms)
			CreateAndSetChildDomain (1ms)
		LoadAllAssembliesAndSetupDomain (0ms)
			LoadAssemblies (63ms)
			RebuildTransferFunctionScriptingTraits (0ms)
			SetupTypeCache (95ms)
				TypeCache.Initialize (94ms)
					TypeCache.ScanAssembly (93ms)
				ResolveRequiredComponents (0ms)
		FinalizeReload (0ms)
			ReleaseScriptCaches (0ms)
			RebuildScriptCaches (0ms)
			SetupLoadedEditorAssemblies (152ms)
				LogAssemblyErrors (0ms)
				InitializePlatformSupportModulesInManaged (7ms)
				SetLoadedEditorAssemblies (6ms)
				RefreshPlugins (0ms)
				BeforeProcessingInitializeOnLoad (1ms)
				ProcessInitializeOnLoadAttributes (104ms)
				ProcessInitializeOnLoadMethodAttributes (34ms)
				AfterProcessingInitializeOnLoad (0ms)
				EditorAssembliesLoaded (0ms)
			ExecutionOrderSort2 (0ms)
			AwakeInstancesAfterBackupRestoration (0ms)
========================================================================
Worker process is ready to serve import requests
Begin MonoManager ReloadAssembly
Symbol file LoadedFromMemory doesn't match image C:\Users\Rosta\Documents\GitHub\Jelly-Jam-2023\Library\PackageCache\com.unity.visualscripting@1.8.0\Editor\VisualScripting.Core\Dependencies\YamlDotNet\Unity.VisualScripting.YamlDotNet.dll
Symbol file LoadedFromMemory doesn't match image C:\Users\Rosta\Documents\GitHub\Jelly-Jam-2023\Library\PackageCache\com.unity.visualscripting@1.8.0\Editor\VisualScripting.Core\Dependencies\DotNetZip\Unity.VisualScripting.IonicZip.dll
- Loaded All Assemblies, in  0.527 seconds
Refreshing native plugins compatible for Editor in 2.52 ms, found 3 plugins.
Native extension for WindowsStandalone target not found
Mono: successfully reloaded assembly
- Finished resetting the current domain, in  0.355 seconds
Domain Reload Profiling:
	ReloadAssembly (156ms)
		BeginReloadAssembly (94ms)
			ExecutionOrderSort (0ms)
			DisableScriptedObjects (4ms)
			BackupInstance (0ms)
			ReleaseScriptingObjects (0ms)
			CreateAndSetChildDomain (17ms)
		LoadAllAssembliesAndSetupDomain (369ms)
			LoadAssemblies (199ms)
			RebuildTransferFunctionScriptingTraits (0ms)
			SetupTypeCache (214ms)
				TypeCache.Initialize (200ms)
					TypeCache.ScanAssembly (196ms)
				ResolveRequiredComponents (3ms)
		FinalizeReload (0ms)
			ReleaseScriptCaches (0ms)
			RebuildScriptCaches (0ms)
			SetupLoadedEditorAssemblies (249ms)
				LogAssemblyErrors (0ms)
				InitializePlatformSupportModulesInManaged (4ms)
				SetLoadedEditorAssemblies (4ms)
				RefreshPlugins (0ms)
				BeforeProcessingInitializeOnLoad (44ms)
				ProcessInitializeOnLoadAttributes (180ms)
				ProcessInitializeOnLoadMethodAttributes (13ms)
				AfterProcessingInitializeOnLoad (5ms)
				EditorAssembliesLoaded (0ms)
			ExecutionOrderSort2 (0ms)
			AwakeInstancesAfterBackupRestoration (4ms)
Launched and connected shader compiler UnityShaderCompiler.exe after 0.03 seconds
Refreshing native plugins compatible for Editor in 3.00 ms, found 3 plugins.
Preloading 0 native plugins for Editor in 0.00 ms.
Unloading 3126 Unused Serialized files (Serialized files now loaded: 0)
Unloading 31 unused Assets / (66.7 KB). Loaded Objects now: 3591.
Memory consumption went from 488.4 MB to 488.3 MB.
Total: 2.641400 ms (FindLiveObjects: 0.218400 ms CreateObjectMapping: 0.062400 ms MarkObjects: 2.243000 ms  DeleteObjects: 0.115600 ms)

AssetImportParameters requested are different than current active one (requested -> active):
  custom:scripting/monoscript/fileName/FirstPersonCameraRotation.cs: a39438f7412a46fb87cfabfe98e4a467 -> 5fa44c8ab9c63639fd43732b6b8bd804
  custom:container-demuxer-ogg: 62fdf1f143b41e24485cea50d1cbac27 -> 
  custom:video-decoder-ogg-theora: a1e56fd34408186e4bbccfd4996cb3dc -> 
  custom:framework-win-MediaFoundation: 216162199b28c13a410421893ffa2e32 -> 
  custom:container-demuxer-webm: 4f35f7cbe854078d1ac9338744f61a02 -> 
  custom:container-muxer-webm: aa71ff27fc2769a1b78a27578f13a17b -> 
  custom:video-decoder-webm-vp8: 9c59270c3fd7afecdb556c50c9e8de78 -> 
  custom:AudioImporter_EditorPlatform: d09bf68614088b80899f8185d706f6e7 -> 
  custom:video-encoder-webm-vp8: eb34c28f22e8b96e1ab97ce403110664 -> 
  custom:audio-decoder-ogg-vorbis: bf7c407c2cedff20999df2af8eb42d56 -> 
  custom:scripting/monoscript/fileName/Movement.cs: f4b8b2d2a1de9c50c30687c0a002a10c -> 1bc12bc9370e727baa54e145392501fb
  custom:audio-encoder-webm-vorbis: bf7c407c2cedff20999df2af8eb42d56 -> 
========================================================================
Received Import Request.
  Time since last request: 14810.939702 seconds.
  path: Assets/Models/Textures/BuildingTextures(1)/BuildingTextures/Building.mat
  artifactKey: Guid(a738c8e4b57fab6438a5aee5550274df) Importer(815301076,1909f56bfc062723c751e8b465ee728b)
Start importing Assets/Models/Textures/BuildingTextures(1)/BuildingTextures/Building.mat using Guid(a738c8e4b57fab6438a5aee5550274df) Importer(815301076,1909f56bfc062723c751e8b465ee728b)  -> (artifact id: '830a7a75bb6db56324f7208be8bd278e') in 0.101246 seconds 
Number of updated asset objects reloaded before import = 0
Number of asset objects unloaded after import = 1
========================================================================
Received Import Request.
  Time since last request: 19.686000 seconds.
  path: Assets/Models/Textures/BuildingTextures(1)/BuildingTextures/Building_lambert1_Normal.png
  artifactKey: Guid(4d1f11452f1cb47419ea148e8dbf8886) Importer(815301076,1909f56bfc062723c751e8b465ee728b)
Start importing Assets/Models/Textures/BuildingTextures(1)/BuildingTextures/Building_lambert1_Normal.png using Guid(4d1f11452f1cb47419ea148e8dbf8886) Importer(815301076,1909f56bfc062723c751e8b465ee728b)  -> (artifact id: '16e7dfc83d3845142852977bca5436f9') in 0.032150 seconds 
Number of updated asset objects reloaded before import = 0
Number of asset objects unloaded after import = 2
========================================================================
Received Import Request.
  Time since last request: 38.398163 seconds.
  path: Assets/Models/Textures/BuildingTextures(1)/BuildingTextures/Building.mat
  artifactKey: Guid(a738c8e4b57fab6438a5aee5550274df) Importer(815301076,1909f56bfc062723c751e8b465ee728b)
Start importing Assets/Models/Textures/BuildingTextures(1)/BuildingTextures/Building.mat using Guid(a738c8e4b57fab6438a5aee5550274df) Importer(815301076,1909f56bfc062723c751e8b465ee728b)  -> (artifact id: '43eb8a232932a7c462a416ec5e513669') in 0.042073 seconds 
Number of updated asset objects reloaded before import = 0
Number of asset objects unloaded after import = 5
========================================================================
Received Import Request.
  Time since last request: 136.818342 seconds.
  path: Assets/TextMesh Pro/Sprites
  artifactKey: Guid(d0603b6d5186471b96c778c3949c7ce2) Importer(815301076,1909f56bfc062723c751e8b465ee728b)
Start importing Assets/TextMesh Pro/Sprites using Guid(d0603b6d5186471b96c778c3949c7ce2) Importer(815301076,1909f56bfc062723c751e8b465ee728b)  -> (artifact id: '6cb8c8d526b56b02a177794fb5aaffbd') in 0.000894 seconds 
Number of updated asset objects reloaded before import = 0
Number of asset objects unloaded after import = 0
========================================================================
Received Import Request.
  Time since last request: 1.127229 seconds.
  path: Assets/TextMesh Pro/Shaders
  artifactKey: Guid(e9f693669af91aa45ad615fc681ed29f) Importer(815301076,1909f56bfc062723c751e8b465ee728b)
Start importing Assets/TextMesh Pro/Shaders using Guid(e9f693669af91aa45ad615fc681ed29f) Importer(815301076,1909f56bfc062723c751e8b465ee728b)  -> (artifact id: '82f431fb395f9d0dbbb787304cdb51f5') in 0.001375 seconds 
Number of updated asset objects reloaded before import = 0
Number of asset objects unloaded after import = 0
========================================================================
Received Import Request.
  Time since last request: 7.590438 seconds.
  path: Assets/Models/Textures/WallTextures/Wall1/Wall1.mat
  artifactKey: Guid(594c8fdb2222e61419be537ab7937b51) Importer(815301076,1909f56bfc062723c751e8b465ee728b)
Start importing Assets/Models/Textures/WallTextures/Wall1/Wall1.mat using Guid(594c8fdb2222e61419be537ab7937b51) Importer(815301076,1909f56bfc062723c751e8b465ee728b)  -> (artifact id: '013694455df97e523cc1023274178c0c') in 0.024189 seconds 
Number of updated asset objects reloaded before import = 0
Number of asset objects unloaded after import = 6
========================================================================
Received Import Request.
  Time since last request: 24.010073 seconds.
  path: Assets/Models/Textures/WallTextures/Wall2/Wall2.mat
  artifactKey: Guid(33b961b344a6d1642a1a2436909a397f) Importer(815301076,1909f56bfc062723c751e8b465ee728b)
Start importing Assets/Models/Textures/WallTextures/Wall2/Wall2.mat using Guid(33b961b344a6d1642a1a2436909a397f) Importer(815301076,1909f56bfc062723c751e8b465ee728b)  -> (artifact id: 'f664fda7ec0c3cdf928c5f0676638246') in 0.050278 seconds 
Number of updated asset objects reloaded before import = 0
Number of asset objects unloaded after import = 6
========================================================================
Received Import Request.
  Time since last request: 10.462021 seconds.
  path: Assets/Models/Textures/WallTextures/Wall3/wall3.mat
  artifactKey: Guid(099ea3d807072244b894f8867550973a) Importer(815301076,1909f56bfc062723c751e8b465ee728b)
Start importing Assets/Models/Textures/WallTextures/Wall3/wall3.mat using Guid(099ea3d807072244b894f8867550973a) Importer(815301076,1909f56bfc062723c751e8b465ee728b)  -> (artifact id: '188c10bcb5698736e39bd8506740696e') in 0.046680 seconds 
Number of updated asset objects reloaded before import = 0
Number of asset objects unloaded after import = 6
========================================================================
Received Import Request.
  Time since last request: 8.408634 seconds.
  path: Assets/Models/Textures/WallTextures/Wall4/Wall4.mat
  artifactKey: Guid(91b6cd43cae482b43a9a16e6a93a4c95) Importer(815301076,1909f56bfc062723c751e8b465ee728b)
Start importing Assets/Models/Textures/WallTextures/Wall4/Wall4.mat using Guid(91b6cd43cae482b43a9a16e6a93a4c95) Importer(815301076,1909f56bfc062723c751e8b465ee728b)  -> (artifact id: '158e25cd419fcd9b5942c197cc11373a') in 0.030565 seconds 
Number of updated asset objects reloaded before import = 0
Number of asset objects unloaded after import = 6
========================================================================
Received Import Request.
  Time since last request: 28.887653 seconds.
  path: Assets/Prefabs/Wall_4 Variant.prefab
  artifactKey: Guid(41797fe2cfffcea42b60f4de85249de8) Importer(815301076,1909f56bfc062723c751e8b465ee728b)
Start importing Assets/Prefabs/Wall_4 Variant.prefab using Guid(41797fe2cfffcea42b60f4de85249de8) Importer(815301076,1909f56bfc062723c751e8b465ee728b)  -> (artifact id: '78e22fcb36fcd19b6ad812f3ea0fc968') in 0.049277 seconds 
Number of updated asset objects reloaded before import = 0
Number of asset objects unloaded after import = 25
========================================================================
Received Import Request.
  Time since last request: 0.000035 seconds.
  path: Assets/Prefabs/Wall_2 Variant.prefab
  artifactKey: Guid(6b7c4c33abb46aa41918b598c187432c) Importer(815301076,1909f56bfc062723c751e8b465ee728b)
Start importing Assets/Prefabs/Wall_2 Variant.prefab using Guid(6b7c4c33abb46aa41918b598c187432c) Importer(815301076,1909f56bfc062723c751e8b465ee728b)  -> (artifact id: 'ab3ea57bf18f1774cf80fd4ce0a8e2b8') in 0.037466 seconds 
Number of updated asset objects reloaded before import = 0
Number of asset objects unloaded after import = 25
========================================================================
Received Import Request.
  Time since last request: 0.000023 seconds.
  path: Assets/Prefabs/Wall_3 Variant.prefab
  artifactKey: Guid(88dddf547f533ef4e806e440638bbc98) Importer(815301076,1909f56bfc062723c751e8b465ee728b)
Start importing Assets/Prefabs/Wall_3 Variant.prefab using Guid(88dddf547f533ef4e806e440638bbc98) Importer(815301076,1909f56bfc062723c751e8b465ee728b)  -> (artifact id: '86d228fa0f0e72e35b4d5e2b0fea4c72') in 0.045346 seconds 
Number of updated asset objects reloaded before import = 0
Number of asset objects unloaded after import = 25
========================================================================
Received Import Request.
  Time since last request: 60.064413 seconds.
  path: Assets/Models/Textures/RockTextures/RockSmall/RockSmall.mat
  artifactKey: Guid(47f8dd90b6fbb4246ac514cdf4b304a4) Importer(815301076,1909f56bfc062723c751e8b465ee728b)
Start importing Assets/Models/Textures/RockTextures/RockSmall/RockSmall.mat using Guid(47f8dd90b6fbb4246ac514cdf4b304a4) Importer(815301076,1909f56bfc062723c751e8b465ee728b)  -> (artifact id: '5c001b8db3263b137c634b8224415bb6') in 0.020694 seconds 
Number of updated asset objects reloaded before import = 0
Number of asset objects unloaded after import = 5
========================================================================
Received Import Request.
  Time since last request: 4.161258 seconds.
  path: Assets/Models/Textures/RockTextures/RockMed/RockMed.mat
  artifactKey: Guid(0bbb266bcc3efa641806db353b41d45e) Importer(815301076,1909f56bfc062723c751e8b465ee728b)
Start importing Assets/Models/Textures/RockTextures/RockMed/RockMed.mat using Guid(0bbb266bcc3efa641806db353b41d45e) Importer(815301076,1909f56bfc062723c751e8b465ee728b)  -> (artifact id: '61eff737e2115179140be118162633bf') in 0.041234 seconds 
Number of updated asset objects reloaded before import = 0
Number of asset objects unloaded after import = 6
========================================================================
Received Import Request.
  Time since last request: 4.087701 seconds.
  path: Assets/Models/Textures/RockTextures/RockLarge/RockLarge.mat
  artifactKey: Guid(de22ee64db879d04c87a88feb3aba043) Importer(815301076,1909f56bfc062723c751e8b465ee728b)
Start importing Assets/Models/Textures/RockTextures/RockLarge/RockLarge.mat using Guid(de22ee64db879d04c87a88feb3aba043) Importer(815301076,1909f56bfc062723c751e8b465ee728b)  -> (artifact id: '5a948bc41c3b7d20499383be1a9a4c87') in 0.019936 seconds 
Number of updated asset objects reloaded before import = 0
Number of asset objects unloaded after import = 6
========================================================================
Received Import Request.
  Time since last request: 14.094302 seconds.
  path: Assets/Prefabs/Rock_Small Variant.prefab
  artifactKey: Guid(c8a5feadad3a31b4aab70009c63c0856) Importer(815301076,1909f56bfc062723c751e8b465ee728b)
Start importing Assets/Prefabs/Rock_Small Variant.prefab using Guid(c8a5feadad3a31b4aab70009c63c0856) Importer(815301076,1909f56bfc062723c751e8b465ee728b)  -> (artifact id: 'fa0ab04ef8d7e18e6957180c2b2dd5e0') in 0.030034 seconds 
Number of updated asset objects reloaded before import = 0
Number of asset objects unloaded after import = 20
========================================================================
Received Import Request.
  Time since last request: 0.000015 seconds.
  path: Assets/Prefabs/Rock_Med Variant.prefab
  artifactKey: Guid(75bfca400ce818b438dfbe92f32714ca) Importer(815301076,1909f56bfc062723c751e8b465ee728b)
Start importing Assets/Prefabs/Rock_Med Variant.prefab using Guid(75bfca400ce818b438dfbe92f32714ca) Importer(815301076,1909f56bfc062723c751e8b465ee728b)  -> (artifact id: '3e1bfc0856950756d7ffabd63d3295e5') in 0.050393 seconds 
Number of updated asset objects reloaded before import = 0
Number of asset objects unloaded after import = 21
========================================================================
Received Import Request.
  Time since last request: 162.585660 seconds.
  path: Assets/TextMesh Pro/Documentation
  artifactKey: Guid(8e7e8f5a82a3a134e91c54efd2274ea9) Importer(815301076,1909f56bfc062723c751e8b465ee728b)
Start importing Assets/TextMesh Pro/Documentation using Guid(8e7e8f5a82a3a134e91c54efd2274ea9) Importer(815301076,1909f56bfc062723c751e8b465ee728b)  -> (artifact id: '1284b6d9112892823920c4a518038a02') in 0.001417 seconds 
Number of updated asset objects reloaded before import = 0
Number of asset objects unloaded after import = 0
========================================================================
Received Import Request.
  Time since last request: 126.671143 seconds.
  path: Assets/Models/Textures/FoliageTextures/WillowPalm/WillowPalm.mat
  artifactKey: Guid(033502f6a9b3d6c4f9062d06fd2c764e) Importer(815301076,1909f56bfc062723c751e8b465ee728b)
Start importing Assets/Models/Textures/FoliageTextures/WillowPalm/WillowPalm.mat using Guid(033502f6a9b3d6c4f9062d06fd2c764e) Importer(815301076,1909f56bfc062723c751e8b465ee728b)  -> (artifact id: 'a0f30a64cbbc46f2e0e336aa960c4e72') in 0.044248 seconds 
Number of updated asset objects reloaded before import = 0
Number of asset objects unloaded after import = 6
========================================================================
Received Import Request.
  Time since last request: 79.309274 seconds.
  path: Assets/Prefabs/Palm_Tree_Shakeing Variant.prefab
  artifactKey: Guid(d13d0324d7919414d984cde852f84d17) Importer(815301076,1909f56bfc062723c751e8b465ee728b)
Start importing Assets/Prefabs/Palm_Tree_Shakeing Variant.prefab using Guid(d13d0324d7919414d984cde852f84d17) Importer(815301076,1909f56bfc062723c751e8b465ee728b)  -> (artifact id: 'a247926d9c3887d7fa21a92f670237fe') in 0.050539 seconds 
Number of updated asset objects reloaded before import = 0
Number of asset objects unloaded after import = 72
========================================================================
Received Import Request.
  Time since last request: 59.599195 seconds.
  path: Assets/TextMesh Pro/Sprites/EmojiOne.png
  artifactKey: Guid(dffef66376be4fa480fb02b19edbe903) Importer(815301076,1909f56bfc062723c751e8b465ee728b)
Start importing Assets/TextMesh Pro/Sprites/EmojiOne.png using Guid(dffef66376be4fa480fb02b19edbe903) Importer(815301076,1909f56bfc062723c751e8b465ee728b)  -> (artifact id: 'dc0e2a3e9d1019050a75c067556f8d42') in 0.019013 seconds 
Number of updated asset objects reloaded before import = 0
Number of asset objects unloaded after import = 2
========================================================================
Received Import Request.
  Time since last request: 32.045703 seconds.
  path: Assets/Models/Textures/FoliageTextures/ShrubBerry/ShrubBerry.mat
  artifactKey: Guid(8baea7ecf3a219f4f8672988d3aff324) Importer(815301076,1909f56bfc062723c751e8b465ee728b)
Start importing Assets/Models/Textures/FoliageTextures/ShrubBerry/ShrubBerry.mat using Guid(8baea7ecf3a219f4f8672988d3aff324) Importer(815301076,1909f56bfc062723c751e8b465ee728b)  -> (artifact id: '738ccc3d4cdfa73c03001cd4c3c2b0fd') in 0.043235 seconds 
Number of updated asset objects reloaded before import = 0
Number of asset objects unloaded after import = 6
========================================================================
Received Import Request.
  Time since last request: 15.252191 seconds.
  path: Assets/Models/Textures/FoliageTextures/PalmFern/Foliage_PalmFern_lambert1_Normal.png
  artifactKey: Guid(e995e942d580ca14b8d3e4d0ed6bb0a9) Importer(815301076,1909f56bfc062723c751e8b465ee728b)
Start importing Assets/Models/Textures/FoliageTextures/PalmFern/Foliage_PalmFern_lambert1_Normal.png using Guid(e995e942d580ca14b8d3e4d0ed6bb0a9) Importer(815301076,1909f56bfc062723c751e8b465ee728b)  -> (artifact id: '649901da38313f215000be993fa60186') in 0.026727 seconds 
Number of updated asset objects reloaded before import = 0
Number of asset objects unloaded after import = 2
========================================================================
Received Import Request.
  Time since last request: 16.103018 seconds.
  path: Assets/Models/Textures/FoliageTextures/PalmFernBerry/PalmFernBerry.mat
  artifactKey: Guid(ad22400de4c89e9469cef7497b01fc90) Importer(815301076,1909f56bfc062723c751e8b465ee728b)
Start importing Assets/Models/Textures/FoliageTextures/PalmFernBerry/PalmFernBerry.mat using Guid(ad22400de4c89e9469cef7497b01fc90) Importer(815301076,1909f56bfc062723c751e8b465ee728b)  -> (artifact id: '0534ff72a16190a8d61085520d1ffdc4') in 0.023234 seconds 
Number of updated asset objects reloaded before import = 0
Number of asset objects unloaded after import = 6
========================================================================
Received Import Request.
  Time since last request: 23.026492 seconds.
  path: Assets/Models/Textures/FoliageTextures/WillowPalmBerry/WillowPalmBerry.mat
  artifactKey: Guid(254b9ee8dcddcdc47a10a50693b0678c) Importer(815301076,1909f56bfc062723c751e8b465ee728b)
Start importing Assets/Models/Textures/FoliageTextures/WillowPalmBerry/WillowPalmBerry.mat using Guid(254b9ee8dcddcdc47a10a50693b0678c) Importer(815301076,1909f56bfc062723c751e8b465ee728b)  -> (artifact id: 'beb414a8a3906ea52fd567aff7153982') in 0.033222 seconds 
Number of updated asset objects reloaded before import = 0
Number of asset objects unloaded after import = 6
========================================================================
Received Import Request.
  Time since last request: 36.183546 seconds.
  path: Assets/Prefabs/Foliage_PalmFern Variant.prefab
  artifactKey: Guid(00a76f6514188bc49a353a5c5fccc33b) Importer(815301076,1909f56bfc062723c751e8b465ee728b)
Start importing Assets/Prefabs/Foliage_PalmFern Variant.prefab using Guid(00a76f6514188bc49a353a5c5fccc33b) Importer(815301076,1909f56bfc062723c751e8b465ee728b)  -> (artifact id: 'bcc4e2a26f06d6845155165167bd601b') in 0.045681 seconds 
Number of updated asset objects reloaded before import = 0
Number of asset objects unloaded after import = 21
========================================================================
Received Import Request.
  Time since last request: 0.000022 seconds.
  path: Assets/Prefabs/Foliage_WillowPalmBerry Variant.prefab
  artifactKey: Guid(c17391ec2692f2f428ae8f45b4285569) Importer(815301076,1909f56bfc062723c751e8b465ee728b)
Start importing Assets/Prefabs/Foliage_WillowPalmBerry Variant.prefab using Guid(c17391ec2692f2f428ae8f45b4285569) Importer(815301076,1909f56bfc062723c751e8b465ee728b)  -> (artifact id: 'ee2d6085e8c74f1f6e1120254635b5b1') in 0.025603 seconds 
Number of updated asset objects reloaded before import = 0
Number of asset objects unloaded after import = 21
========================================================================
Received Import Request.
  Time since last request: 0.000017 seconds.
  path: Assets/Prefabs/Foliage_PalmFernBerry Variant.prefab
  artifactKey: Guid(cb438c376eb0e30469ef65aebcc9aff1) Importer(815301076,1909f56bfc062723c751e8b465ee728b)
Start importing Assets/Prefabs/Foliage_PalmFernBerry Variant.prefab using Guid(cb438c376eb0e30469ef65aebcc9aff1) Importer(815301076,1909f56bfc062723c751e8b465ee728b)  -> (artifact id: '579ead9ca3fc7fb8fc241a5a72ddf426') in 0.026816 seconds 
Number of updated asset objects reloaded before import = 0
Number of asset objects unloaded after import = 21
Editor requested this worker to shutdown with reason: Scaling down because of idle timeout
TcpMessagingSession - receive error: operation aborted. errorcode: 995, details: The I/O operation has been aborted because of either a thread exit or an application request.
AssetImportWorker is now disconnected from the server
Process exiting
Exiting without the bug reporter. Application will terminate with return code 0